<?xml version="1.0" encoding="UTF-8"?>
<testng-results ignored="0" total="1" passed="1" failed="0" skipped="0">
  <reporter-output>
  </reporter-output>
  <suite started-at="2024-06-24T10:45:00 IST" name="Surefire suite" finished-at="2024-06-24T10:45:13 IST" duration-ms="12365">
    <groups>
    </groups>
    <test started-at="2024-06-24T10:45:00 IST" name="Surefire test" finished-at="2024-06-24T10:45:13 IST" duration-ms="12365">
      <class name="testCases.TC_001_AccountRegistrationTest">
        <test-method is-config="true" signature="setup()[pri:0, instance:testCases.TC_001_AccountRegistrationTest@550a1967]" started-at="2024-06-24T10:45:00 IST" name="setup" finished-at="2024-06-24T10:45:06 IST" duration-ms="5606" status="PASS">
          <reporter-output>
          </reporter-output>
        </test-method> <!-- setup -->
        <test-method signature="verify_account_registration()[pri:0, instance:testCases.TC_001_AccountRegistrationTest@550a1967]" started-at="2024-06-24T10:45:06 IST" name="verify_account_registration" finished-at="2024-06-24T10:45:12 IST" duration-ms="6339" status="PASS">
          <reporter-output>
          </reporter-output>
        </test-method> <!-- verify_account_registration -->
        <test-method is-config="true" signature="tearDown()[pri:0, instance:testCases.TC_001_AccountRegistrationTest@550a1967]" started-at="2024-06-24T10:45:12 IST" name="tearDown" finished-at="2024-06-24T10:45:13 IST" duration-ms="338" status="PASS">
          <reporter-output>
          </reporter-output>
        </test-method> <!-- tearDown -->
      </class> <!-- testCases.TC_001_AccountRegistrationTest -->
    </test> <!-- Surefire test -->
  </suite> <!-- Surefire suite -->
</testng-results>
